<?xml version="1.0" encoding="UTF-8"?>
<testng-results ignored="0" total="1" passed="1" failed="0" skipped="0">
  <reporter-output>
  </reporter-output>
  <suite started-at="2021-05-31T14:13:43Z" name="Suite" finished-at="2021-05-31T14:13:45Z" duration-ms="1555">
    <groups>
    </groups>
    <test started-at="2021-05-31T14:13:43Z" name="Test" finished-at="2021-05-31T14:13:45Z" duration-ms="1555">
      <class name="com.jenkins.testing.Jenkinstest.App">
        <test-method signature="first()[pri:0, instance:com.jenkins.testing.Jenkinstest.App@3bd40a57]" started-at="2021-05-31T14:13:43Z" name="first" finished-at="2021-05-31T14:13:45Z" duration-ms="1537" status="PASS">
          <reporter-output>
          </reporter-output>
        </test-method> <!-- first -->
      </class> <!-- com.jenkins.testing.Jenkinstest.App -->
    </test> <!-- Test -->
  </suite> <!-- Suite -->
</testng-results>
